2021-05-14 20:00:13 INFO  DateParserRunner:16 - Reading input.txt file
2021-05-14 20:00:13 INFO  DateParserRunner:32 - Checking input file existence
2021-05-14 20:00:13 INFO  DateParserRunner:23 - Reading line by line
2021-05-14 20:00:13 INFO  DateParserRunner:20 - Parsing strings into custom format
2021-05-14 20:00:13 INFO  DateParserRunner:24 - Writing results into output.txt file
2021-05-14 20:00:13 INFO  DateParserRunner:34 - Checking output file existence
2021-05-14 20:00:13 INFO  DateParserRunner:39 - Cleaning output file
2021-05-15 16:58:20 INFO  DateParserRunner:16 - Reading input.txt file
2021-05-15 16:58:20 INFO  DateParserRunner:38 - Checking input file existence
2021-05-15 16:58:20 INFO  DateParserRunner:29 - Reading line by line
2021-05-15 16:58:20 INFO  DateParserRunner:21 - Parsing strings into custom format
2021-05-15 16:58:20 INFO  DateParserRunner:25 - Writing results into output.txt file
2021-05-15 16:58:20 INFO  DateParserRunner:40 - Checking output file existence
2021-05-15 16:58:20 INFO  DateParserRunner:45 - Cleaning output file
2021-05-15 18:07:29 INFO  DateParserRunner:16 - Reading input.txt file
2021-05-15 18:07:29 INFO  DateParserRunner:38 - Checking input file existence
2021-05-15 18:07:29 INFO  DateParserRunner:29 - Reading line by line
2021-05-15 18:07:29 INFO  DateParserRunner:21 - Parsing strings into custom format
2021-05-15 18:07:29 INFO  DateParserRunner:25 - Writing results into output.txt file
2021-05-15 18:07:29 INFO  DateParserRunner:51 - Checking output file existence
2021-05-15 18:07:29 INFO  DateParserRunner:56 - Cleaning output file
2021-05-15 18:07:29 INFO  DateParserRunner:16 - Reading input.txt file
2021-05-15 18:07:29 INFO  DateParserRunner:38 - Checking input file existence
2021-05-15 18:07:29 INFO  DateParserRunner:29 - Reading line by line
2021-05-15 18:07:29 INFO  DateParserRunner:19 - Finding first unique string
2021-05-15 18:07:29 INFO  DateParserRunner:21 - Writing result into output.txt file
2021-05-15 18:07:29 INFO  DateParserRunner:51 - Checking output file existence
2021-05-15 18:07:29 INFO  DateParserRunner:56 - Cleaning output file
2021-05-16 11:20:50 INFO  DateParserRunner:16 - Reading input.txt file
2021-05-16 11:20:50 INFO  DateParserRunner:38 - Checking input file existence
2021-05-16 11:20:50 INFO  DateParserRunner:29 - Reading line by line
2021-05-16 11:20:50 INFO  DateParserRunner:21 - Parsing strings into custom format
2021-05-16 11:20:50 INFO  DateParserRunner:25 - Writing results into output.txt file
2021-05-16 11:20:50 INFO  DateParserRunner:51 - Checking output file existence
2021-05-16 11:20:50 INFO  DateParserRunner:56 - Cleaning output file
2021-05-16 11:20:50 INFO  DateParserRunner:16 - Reading input.txt file
2021-05-16 11:20:50 INFO  DateParserRunner:38 - Checking input file existence
2021-05-16 11:20:50 INFO  DateParserRunner:29 - Reading line by line
2021-05-16 11:20:50 INFO  DateParserRunner:19 - Finding first unique string
2021-05-16 11:20:50 INFO  DateParserRunner:21 - Writing result into output.txt file
2021-05-16 11:20:50 INFO  DateParserRunner:51 - Checking output file existence
2021-05-16 11:20:50 INFO  DateParserRunner:56 - Cleaning output file
2021-05-16 11:20:50 INFO  DateParserRunner:22 - Reading input.txt file
2021-05-16 11:20:50 INFO  DateParserRunner:38 - Checking input file existence
2021-05-16 11:20:50 INFO  DateParserRunner:29 - Reading line by line
2021-05-16 12:03:18 INFO  DateParserRunner:16 - ============== Task 1 ================
2021-05-16 12:03:18 INFO  DateParserRunner:17 - Reading input.txt file
2021-05-16 12:03:18 INFO  DateParserRunner:38 - Checking input file existence
2021-05-16 12:03:18 INFO  DateParserRunner:29 - Reading line by line
2021-05-16 12:03:18 INFO  DateParserRunner:22 - Parsing strings into custom format
2021-05-16 12:03:18 INFO  DateParserRunner:26 - Writing results into output.txt file
2021-05-16 12:03:18 INFO  DateParserRunner:51 - Checking output file existence
2021-05-16 12:03:18 INFO  DateParserRunner:56 - Cleaning output file
2021-05-16 12:03:18 INFO  DateParserRunner:16 - ============== Task 2 ================
2021-05-16 12:03:18 INFO  DateParserRunner:17 - Reading input.txt file
2021-05-16 12:03:18 INFO  DateParserRunner:38 - Checking input file existence
2021-05-16 12:03:18 INFO  DateParserRunner:29 - Reading line by line
2021-05-16 12:03:18 INFO  DateParserRunner:20 - Finding first unique string
2021-05-16 12:03:18 INFO  DateParserRunner:22 - Writing result into output.txt file
2021-05-16 12:03:18 INFO  DateParserRunner:18 - ============== Task 3 ================
2021-05-16 12:03:18 INFO  DateParserRunner:19 - Reading input.txt file
2021-05-16 12:03:18 INFO  DateParserRunner:51 - Checking output file existence
2021-05-16 12:03:18 INFO  DateParserRunner:56 - Cleaning output file
2021-05-16 12:03:18 INFO  DateParserRunner:38 - Checking input file existence
2021-05-16 12:03:18 INFO  DateParserRunner:29 - Reading line by line
2021-05-16 12:03:18 INFO  DateParserRunner:57 - Finding distance between gdansk and warszawa
2021-05-16 12:03:18 INFO  DateParserRunner:60 - Writing result into output.txt file
2021-05-16 12:03:18 INFO  DateParserRunner:57 - Finding distance between bydgoszcz and warszawa
2021-05-16 12:03:18 INFO  DateParserRunner:60 - Writing result into output.txt file
2021-05-16 12:12:25 INFO  DateParserRunner:16 - ============== Task 1 ================
2021-05-16 12:12:25 INFO  DateParserRunner:17 - Reading input.txt file
2021-05-16 12:12:25 INFO  DateParserRunner:38 - Checking input file existence
2021-05-16 12:12:25 INFO  DateParserRunner:29 - Reading line by line
2021-05-16 12:12:25 INFO  DateParserRunner:20 - Input:
2021-05-16 12:12:25 INFO  DateParserRunner:22 - 2020/04/05
2021-05-16 12:12:25 INFO  DateParserRunner:22 - 05/04/2020
2021-05-16 12:12:25 INFO  DateParserRunner:22 - 04-05-2020
2021-05-16 12:12:25 INFO  DateParserRunner:22 - 5-2020-1
2021-05-16 12:12:25 INFO  DateParserRunner:22 - asdfqv
2021-05-16 12:12:25 INFO  DateParserRunner:22 - 32-13-9999
2021-05-16 12:12:25 INFO  DateParserRunner:22 - 30/04/1999
2021-05-16 12:12:25 INFO  DateParserRunner:26 - Parsing strings into custom format
2021-05-16 12:12:25 INFO  DateParserRunner:30 - Results:
2021-05-16 12:12:25 INFO  DateParserRunner:32 - 20200405
2021-05-16 12:12:25 INFO  DateParserRunner:32 - 20200405
2021-05-16 12:12:25 INFO  DateParserRunner:32 - 20200405
2021-05-16 12:12:25 INFO  DateParserRunner:32 - 
2021-05-16 12:12:25 INFO  DateParserRunner:32 - 
2021-05-16 12:12:25 INFO  DateParserRunner:32 - 
2021-05-16 12:12:25 INFO  DateParserRunner:32 - 19990430
2021-05-16 12:12:25 INFO  DateParserRunner:34 - Writing results into output.txt file
2021-05-16 12:12:25 INFO  DateParserRunner:51 - Checking output file existence
2021-05-16 12:12:25 INFO  DateParserRunner:56 - Cleaning output file
2021-05-16 12:12:25 INFO  DateParserRunner:16 - ============== Task 2 ================
2021-05-16 12:12:25 INFO  DateParserRunner:17 - Reading input.txt file
2021-05-16 12:12:25 INFO  DateParserRunner:38 - Checking input file existence
2021-05-16 12:12:25 INFO  DateParserRunner:29 - Reading line by line
2021-05-16 12:12:25 INFO  DateParserRunner:20 - Input:
2021-05-16 12:12:25 INFO  DateParserRunner:22 - Ivan
2021-05-16 12:12:25 INFO  DateParserRunner:22 - Sergei
2021-05-16 12:12:25 INFO  DateParserRunner:22 - Andrey
2021-05-16 12:12:25 INFO  DateParserRunner:22 - Michael
2021-05-16 12:12:25 INFO  DateParserRunner:22 - Ivan
2021-05-16 12:12:25 INFO  DateParserRunner:22 - Michael
2021-05-16 12:12:25 INFO  DateParserRunner:22 - Sergei
2021-05-16 12:12:25 INFO  DateParserRunner:24 - Finding first unique string
2021-05-16 12:12:25 INFO  DateParserRunner:26 - Result: Andrey
2021-05-16 12:12:25 INFO  DateParserRunner:27 - Writing result into output.txt file
2021-05-16 12:12:25 INFO  DateParserRunner:18 - ============== Task 3 ================
2021-05-16 12:12:25 INFO  DateParserRunner:19 - Reading input.txt file
2021-05-16 12:12:25 INFO  DateParserRunner:51 - Checking output file existence
2021-05-16 12:12:25 INFO  DateParserRunner:56 - Cleaning output file
2021-05-16 12:12:25 INFO  DateParserRunner:38 - Checking input file existence
2021-05-16 12:12:25 INFO  DateParserRunner:29 - Reading line by line
2021-05-16 12:12:25 INFO  DateParserRunner:24 - Input:
2021-05-16 12:12:25 INFO  DateParserRunner:26 - 4
2021-05-16 12:12:25 INFO  DateParserRunner:26 - gdansk
2021-05-16 12:12:25 INFO  DateParserRunner:26 - 2
2021-05-16 12:12:25 INFO  DateParserRunner:26 - 2 1
2021-05-16 12:12:25 INFO  DateParserRunner:26 - 3 3
2021-05-16 12:12:25 INFO  DateParserRunner:26 - bydgoszcz
2021-05-16 12:12:25 INFO  DateParserRunner:26 - 3
2021-05-16 12:12:25 INFO  DateParserRunner:26 - 1 1
2021-05-16 12:12:25 INFO  DateParserRunner:26 - 3 1
2021-05-16 12:12:25 INFO  DateParserRunner:26 - 4 4
2021-05-16 12:12:25 INFO  DateParserRunner:26 - torun
2021-05-16 12:12:25 INFO  DateParserRunner:26 - 3
2021-05-16 12:12:25 INFO  DateParserRunner:26 - 1 3
2021-05-16 12:12:25 INFO  DateParserRunner:26 - 2 1
2021-05-16 12:12:25 INFO  DateParserRunner:26 - 4 1
2021-05-16 12:12:25 INFO  DateParserRunner:26 - warszawa
2021-05-16 12:12:25 INFO  DateParserRunner:26 - 2
2021-05-16 12:12:25 INFO  DateParserRunner:26 - 2 4
2021-05-16 12:12:25 INFO  DateParserRunner:26 - 3 1
2021-05-16 12:12:25 INFO  DateParserRunner:26 - 2
2021-05-16 12:12:25 INFO  DateParserRunner:26 - gdansk warszawa
2021-05-16 12:12:25 INFO  DateParserRunner:26 - bydgoszcz warszawa
2021-05-16 12:12:25 INFO  DateParserRunner:61 - Finding distance between gdansk and warszawa
2021-05-16 12:12:25 INFO  DateParserRunner:64 - Result distance is 3
2021-05-16 12:12:25 INFO  DateParserRunner:65 - Writing result into output.txt file
2021-05-16 12:12:25 INFO  DateParserRunner:61 - Finding distance between bydgoszcz and warszawa
2021-05-16 12:12:25 INFO  DateParserRunner:64 - Result distance is 2
2021-05-16 12:12:25 INFO  DateParserRunner:65 - Writing result into output.txt file
2021-05-16 12:18:49 INFO  DateParserRunner:16 - ============== Task 1 ================
2021-05-16 12:18:49 INFO  DateParserRunner:17 - Reading input.txt file
2021-05-16 12:18:49 INFO  DateParserRunner:38 - Checking input file existence
2021-05-16 12:18:49 INFO  DateParserRunner:29 - Reading line by line
2021-05-16 12:18:49 INFO  DateParserRunner:20 - Input:
2021-05-16 12:18:49 INFO  DateParserRunner:22 - 2020/04/05
2021-05-16 12:18:49 INFO  DateParserRunner:22 - 05/04/2020
2021-05-16 12:18:49 INFO  DateParserRunner:22 - 04-05-2020
2021-05-16 12:18:49 INFO  DateParserRunner:22 - 5-2020-1
2021-05-16 12:18:49 INFO  DateParserRunner:22 - asdfqv
2021-05-16 12:18:49 INFO  DateParserRunner:22 - 32-13-9999
2021-05-16 12:18:49 INFO  DateParserRunner:22 - 30/04/1999
2021-05-16 12:18:49 INFO  DateParserRunner:26 - Parsing strings into custom format
2021-05-16 12:18:49 INFO  DateParserRunner:30 - Results:
2021-05-16 12:18:49 INFO  DateParserRunner:33 - 20200405
2021-05-16 12:18:49 INFO  DateParserRunner:33 - 20200405
2021-05-16 12:18:49 INFO  DateParserRunner:33 - 20200405
2021-05-16 12:18:49 INFO  DateParserRunner:33 - 19990430
2021-05-16 12:18:49 INFO  DateParserRunner:35 - Writing results into output.txt file
2021-05-16 12:18:49 INFO  DateParserRunner:51 - Checking output file existence
2021-05-16 12:18:49 INFO  DateParserRunner:56 - Cleaning output file
2021-05-16 12:18:49 INFO  DateParserRunner:16 - ============== Task 2 ================
2021-05-16 12:18:49 INFO  DateParserRunner:17 - Reading input.txt file
2021-05-16 12:18:49 INFO  DateParserRunner:38 - Checking input file existence
2021-05-16 12:18:49 INFO  DateParserRunner:29 - Reading line by line
2021-05-16 12:18:49 INFO  DateParserRunner:20 - Input:
2021-05-16 12:18:49 INFO  DateParserRunner:22 - Ivan
2021-05-16 12:18:49 INFO  DateParserRunner:22 - Sergei
2021-05-16 12:18:49 INFO  DateParserRunner:22 - Andrey
2021-05-16 12:18:49 INFO  DateParserRunner:22 - Michael
2021-05-16 12:18:49 INFO  DateParserRunner:22 - Ivan
2021-05-16 12:18:49 INFO  DateParserRunner:22 - Michael
2021-05-16 12:18:49 INFO  DateParserRunner:22 - Sergei
2021-05-16 12:18:49 INFO  DateParserRunner:24 - Finding first unique string
2021-05-16 12:18:49 INFO  DateParserRunner:26 - Result: Andrey
2021-05-16 12:18:49 INFO  DateParserRunner:27 - Writing result into output.txt file
2021-05-16 12:18:49 INFO  DateParserRunner:18 - ============== Task 3 ================
2021-05-16 12:18:49 INFO  DateParserRunner:19 - Reading input.txt file
2021-05-16 12:18:49 INFO  DateParserRunner:51 - Checking output file existence
2021-05-16 12:18:49 INFO  DateParserRunner:56 - Cleaning output file
2021-05-16 12:18:49 INFO  DateParserRunner:38 - Checking input file existence
2021-05-16 12:18:49 INFO  DateParserRunner:29 - Reading line by line
2021-05-16 12:18:49 INFO  DateParserRunner:24 - Input:
2021-05-16 12:18:49 INFO  DateParserRunner:26 - 4
2021-05-16 12:18:49 INFO  DateParserRunner:26 - gdansk
2021-05-16 12:18:49 INFO  DateParserRunner:26 - 2
2021-05-16 12:18:49 INFO  DateParserRunner:26 - 2 1
2021-05-16 12:18:49 INFO  DateParserRunner:26 - 3 3
2021-05-16 12:18:49 INFO  DateParserRunner:26 - bydgoszcz
2021-05-16 12:18:49 INFO  DateParserRunner:26 - 3
2021-05-16 12:18:49 INFO  DateParserRunner:26 - 1 1
2021-05-16 12:18:49 INFO  DateParserRunner:26 - 3 1
2021-05-16 12:18:49 INFO  DateParserRunner:26 - 4 4
2021-05-16 12:18:49 INFO  DateParserRunner:26 - torun
2021-05-16 12:18:49 INFO  DateParserRunner:26 - 3
2021-05-16 12:18:49 INFO  DateParserRunner:26 - 1 3
2021-05-16 12:18:49 INFO  DateParserRunner:26 - 2 1
2021-05-16 12:18:49 INFO  DateParserRunner:26 - 4 1
2021-05-16 12:18:49 INFO  DateParserRunner:26 - warszawa
2021-05-16 12:18:49 INFO  DateParserRunner:26 - 2
2021-05-16 12:18:49 INFO  DateParserRunner:26 - 2 4
2021-05-16 12:18:49 INFO  DateParserRunner:26 - 3 1
2021-05-16 12:18:49 INFO  DateParserRunner:26 - 2
2021-05-16 12:18:49 INFO  DateParserRunner:26 - gdansk warszawa
2021-05-16 12:18:49 INFO  DateParserRunner:26 - bydgoszcz warszawa
2021-05-16 12:18:49 INFO  DateParserRunner:61 - Finding distance between gdansk and warszawa
2021-05-16 12:18:49 INFO  DateParserRunner:64 - Result distance is 3
2021-05-16 12:18:49 INFO  DateParserRunner:65 - Writing result into output.txt file
2021-05-16 12:18:49 INFO  DateParserRunner:61 - Finding distance between bydgoszcz and warszawa
2021-05-16 12:18:49 INFO  DateParserRunner:64 - Result distance is 2
2021-05-16 12:18:49 INFO  DateParserRunner:65 - Writing result into output.txt file
